<?xml version="1.0" encoding="UTF-8"?>
<!-- Generated by org.testng.reporters.JUnitXMLReporter -->
<testsuite ignored="0" hostname="Rahul" failures="1" tests="1" name="Test" time="1.499" errors="0" timestamp="2024-02-28T18:25:06 IST">
  <testcase classname="com.investaSolutions.base.TestBase" name="@AfterMethod afterMethod" time="0.01">
    <failure type="java.lang.NullPointerException" message="Cannot invoke &amp;quot;org.openqa.selenium.TakesScreenshot.getScreenshotAs(org.openqa.selenium.OutputType)&amp;quot; because &amp;quot;ts&amp;quot; is null">
      <![CDATA[java.lang.NullPointerException: Cannot invoke "org.openqa.selenium.TakesScreenshot.getScreenshotAs(org.openqa.selenium.OutputType)" because "ts" is null
at com.investaSolutions.utils.SeleniumUtils.getScreenshot(SeleniumUtils.java:236)
at com.investaSolutions.base.TestBase.afterMethod(TestBase.java:150)
at java.base/java.util.ArrayList.forEach(ArrayList.java:1511)
... Removed 32 stack frames]]>
    </failure>
  </testcase> <!-- @AfterMethod afterMethod -->
  <testcase classname="com.investaSolutions.bankPortal.tests.BankPortalTest" name="verifyDetailsPresentOnAMProfilePageTest" time="1.452">
    <failure type="java.lang.NullPointerException" message="inStream parameter is null">
      <![CDATA[java.lang.NullPointerException: inStream parameter is null
at java.base/java.util.Objects.requireNonNull(Objects.java:235)
at java.base/java.util.Properties.load(Properties.java:407)
at com.investaSolutions.utils.SeleniumUtils.fetchUserDetails(SeleniumUtils.java:83)
at com.investaSolutions.utils.UserFunctions.<init>(UserFunctions.java:13)
at com.investaSolutions.bankPortal.tests.BankPortalTest.verifyDetailsPresentOnAMProfilePageTest(BankPortalTest.java:310)
at java.base/java.util.ArrayList.forEach(ArrayList.java:1511)
... Removed 27 stack frames]]>
    </failure>
  </testcase> <!-- verifyDetailsPresentOnAMProfilePageTest -->
</testsuite> <!-- Test -->
