<?xml version="1.0" encoding="UTF-8"?>
<testng-results skipped="0" failed="0" total="1" passed="1">
  <reporter-output>
  </reporter-output>
  <suite name="Suite" duration-ms="27579" started-at="2019-09-13T13:31:24Z" finished-at="2019-09-13T13:31:52Z">
    <groups>
      <group name="bank">
        <method signature="BankPortalTest.verifyDetailsPresentOnAMProfilePageTest()[pri:5, instance:com.investaSolutions.bankPortal.tests.BankPortalTest@64616ca2]" name="verifyDetailsPresentOnAMProfilePageTest" class="com.investaSolutions.bankPortal.tests.BankPortalTest"/>
      </group> <!-- bank -->
      <group name="regression">
        <method signature="BankPortalTest.verifyDetailsPresentOnAMProfilePageTest()[pri:5, instance:com.investaSolutions.bankPortal.tests.BankPortalTest@64616ca2]" name="verifyDetailsPresentOnAMProfilePageTest" class="com.investaSolutions.bankPortal.tests.BankPortalTest"/>
      </group> <!-- regression -->
      <group name="smoke">
        <method signature="BankPortalTest.verifyDetailsPresentOnAMProfilePageTest()[pri:5, instance:com.investaSolutions.bankPortal.tests.BankPortalTest@64616ca2]" name="verifyDetailsPresentOnAMProfilePageTest" class="com.investaSolutions.bankPortal.tests.BankPortalTest"/>
      </group> <!-- smoke -->
    </groups>
    <test name="Test" duration-ms="27579" started-at="2019-09-13T13:31:24Z" finished-at="2019-09-13T13:31:52Z">
      <class name="com.investaSolutions.bankPortal.tests.BankPortalTest">
        <test-method status="PASS" signature="beforeSuite(java.lang.String)[pri:0, instance:com.investaSolutions.bankPortal.tests.BankPortalTest@64616ca2]" name="beforeSuite" is-config="true" duration-ms="6889" started-at="2019-09-13T19:01:18Z" finished-at="2019-09-13T19:01:24Z">
          <params>
            <param index="0">
              <value>
                <![CDATA[chrome]]>
              </value>
            </param>
          </params>
          <reporter-output>
          </reporter-output>
        </test-method> <!-- beforeSuite -->
        <test-method status="PASS" signature="verifyDetailsPresentOnAMProfilePageTest()[pri:5, instance:com.investaSolutions.bankPortal.tests.BankPortalTest@64616ca2]" name="verifyDetailsPresentOnAMProfilePageTest" duration-ms="26603" started-at="2019-09-13T19:01:25Z" finished-at="2019-09-13T19:01:52Z">
          <reporter-output>
          </reporter-output>
        </test-method> <!-- verifyDetailsPresentOnAMProfilePageTest -->
        <test-method status="PASS" signature="afterMethod(org.testng.ITestResult)[pri:0, instance:com.investaSolutions.bankPortal.tests.BankPortalTest@64616ca2]" name="afterMethod" is-config="true" duration-ms="172" started-at="2019-09-13T19:01:52Z" finished-at="2019-09-13T19:01:52Z">
          <params>
            <param index="0">
              <value>
                <![CDATA[[TestResult name=verifyDetailsPresentOnAMProfilePageTest status=SUCCESS method=BankPortalTest.verifyDetailsPresentOnAMProfilePageTest()[pri:5, instance:com.investaSolutions.bankPortal.tests.BankPortalTest@64616ca2] output={null}]]]>
              </value>
            </param>
          </params>
          <reporter-output>
          </reporter-output>
        </test-method> <!-- afterMethod -->
        <test-method status="PASS" signature="generateReport()[pri:0, instance:com.investaSolutions.bankPortal.tests.BankPortalTest@64616ca2]" name="generateReport" is-config="true" duration-ms="4506" started-at="2019-09-13T19:01:52Z" finished-at="2019-09-13T19:01:57Z">
          <reporter-output>
          </reporter-output>
        </test-method> <!-- generateReport -->
      </class> <!-- com.investaSolutions.bankPortal.tests.BankPortalTest -->
    </test> <!-- Test -->
  </suite> <!-- Suite -->
</testng-results>
